{
  "RSpec": {
    "coverage": {
      "/Users/noahflint/turing/3module/projects/SweaterWeather/app/controllers/api/v1/users_controller.rb": [
        1,
        null,
        1,
        1,
        1,
        1,
        1,
        1,
        null,
        0,
        null,
        null,
        null,
        null,
        1,
        null,
        1,
        1,
        null,
        null,
        null
      ],
      "/Users/noahflint/turing/3module/projects/SweaterWeather/app/controllers/application_controller.rb": [
        1,
        1,
        null
      ],
      "/Users/noahflint/turing/3module/projects/SweaterWeather/app/models/user.rb": [
        1,
        null,
        null
      ],
      "/Users/noahflint/turing/3module/projects/SweaterWeather/app/models/application_record.rb": [
        1,
        1,
        null
      ],
      "/Users/noahflint/turing/3module/projects/SweaterWeather/app/facades/user_facade.rb": [
        1,
        1,
        null,
        1,
        1,
        1,
        1,
        null,
        null,
        null,
        null,
        null
      ],
      "/Users/noahflint/turing/3module/projects/SweaterWeather/app/serializers/user_serializer.rb": [
        1,
        1,
        1,
        null
      ],
      "/Users/noahflint/turing/3module/projects/SweaterWeather/app/controllers/api/v1/background_controller.rb": [
        1,
        null,
        1,
        1,
        1,
        1,
        null,
        null,
        null
      ],
      "/Users/noahflint/turing/3module/projects/SweaterWeather/app/facades/background_facade.rb": [
        1,
        1,
        null,
        1,
        1,
        1,
        null,
        null,
        1,
        1,
        1,
        1,
        1,
        1,
        1,
        null,
        1,
        null,
        1,
        1,
        1,
        null,
        null,
        1,
        1,
        null,
        null
      ],
      "/Users/noahflint/turing/3module/projects/SweaterWeather/app/serializers/background_serializer.rb": [
        1,
        1,
        1,
        null
      ],
      "/Users/noahflint/turing/3module/projects/SweaterWeather/app/models/background.rb": [
        1,
        1,
        null,
        1,
        1,
        1,
        1,
        1,
        1,
        1,
        null,
        null,
        1,
        1,
        null,
        null,
        null,
        null,
        null
      ],
      "/Users/noahflint/turing/3module/projects/SweaterWeather/app/controllers/api/v1/forecast_controller.rb": [
        1,
        1,
        1,
        1,
        1,
        null,
        null
      ],
      "/Users/noahflint/turing/3module/projects/SweaterWeather/app/facades/forecast_facade.rb": [
        1,
        1,
        null,
        1,
        1,
        1,
        null,
        null,
        1,
        3,
        null,
        null,
        1,
        3,
        null,
        null,
        1,
        1,
        null,
        null,
        1,
        1,
        8,
        null,
        null,
        null,
        1,
        1,
        49,
        null,
        null,
        null,
        null
      ],
      "/Users/noahflint/turing/3module/projects/SweaterWeather/app/serializers/forecast_serializer.rb": [
        1,
        1,
        1,
        null
      ],
      "/Users/noahflint/turing/3module/projects/SweaterWeather/app/models/current_forecast.rb": [
        1,
        null,
        1,
        1,
        1,
        1,
        null,
        null
      ],
      "/Users/noahflint/turing/3module/projects/SweaterWeather/app/services/darksky_service.rb": [
        1,
        null,
        1,
        3,
        3,
        3,
        null,
        null,
        1,
        3,
        null,
        null,
        1,
        null,
        1,
        3,
        3,
        null,
        null
      ],
      "/Users/noahflint/turing/3module/projects/SweaterWeather/app/services/geocode_service.rb": [
        1,
        null,
        1,
        3,
        null,
        null,
        1,
        3,
        null,
        null,
        1,
        null,
        1,
        3,
        3,
        null,
        null,
        1,
        3,
        null,
        null,
        1,
        3,
        null,
        null,
        1,
        null,
        null,
        null,
        null,
        null,
        3,
        null,
        null
      ],
      "/Users/noahflint/turing/3module/projects/SweaterWeather/app/models/daily_forecast.rb": [
        1,
        null,
        1,
        8,
        8,
        8,
        8,
        8,
        null,
        null
      ],
      "/Users/noahflint/turing/3module/projects/SweaterWeather/app/models/hourly_forecast.rb": [
        1,
        null,
        1,
        49,
        49,
        49,
        49,
        null,
        null
      ],
      "/Users/noahflint/turing/3module/projects/SweaterWeather/app/jobs/application_job.rb": [
        0,
        0
      ]
    },
    "timestamp": 1559617914
  }
}
