{
  "RSpec": {
    "coverage": {
      "/Users/noahflint/turing/3module/projects/SweaterWeather/app/controllers/api/v1/antipode_controller.rb": [
        1,
        1,
        1,
        1,
        1,
        null,
        null
      ],
      "/Users/noahflint/turing/3module/projects/SweaterWeather/app/controllers/application_controller.rb": [
        1,
        null
      ],
      "/Users/noahflint/turing/3module/projects/SweaterWeather/app/facades/antipode_facade.rb": [
        1,
        1,
        null,
        1,
        1,
        1,
        null,
        null,
        1,
        1,
        1,
        1,
        null,
        null,
        null,
        null,
        null
      ],
      "/Users/noahflint/turing/3module/projects/SweaterWeather/app/serializers/antipode_serializer.rb": [
        1,
        1,
        1,
        null
      ],
      "/Users/noahflint/turing/3module/projects/SweaterWeather/app/services/geocode_service.rb": [
        1,
        null,
        1,
        2,
        null,
        null,
        null,
        1,
        0,
        null,
        null,
        1,
        1,
        1,
        null,
        null,
        1,
        null,
        null,
        1,
        null,
        0,
        0,
        null,
        null,
        0,
        null,
        null,
        1,
        null,
        null,
        null,
        1,
        null,
        null,
        1,
        null,
        1,
        0,
        null,
        0,
        null,
        null,
        1,
        0,
        null,
        null,
        1,
        0,
        null,
        null,
        1,
        null,
        null,
        null,
        null,
        null,
        0,
        null,
        null
      ],
      "/Users/noahflint/turing/3module/projects/SweaterWeather/app/services/antipode_service.rb": [
        1,
        null,
        1,
        1,
        1,
        null,
        null,
        1,
        1,
        1,
        null,
        1,
        null,
        null,
        null
      ],
      "/Users/noahflint/turing/3module/projects/SweaterWeather/app/models/current_forecast.rb": [
        0,
        null,
        0,
        0,
        0,
        0,
        0,
        0
      ],
      "/Users/noahflint/turing/3module/projects/SweaterWeather/app/models/daily_forecast.rb": [
        0,
        null,
        0,
        0,
        0,
        0,
        0,
        0,
        0,
        0
      ],
      "/Users/noahflint/turing/3module/projects/SweaterWeather/app/models/hourly_forecast.rb": [
        0,
        null,
        0,
        0,
        0,
        0,
        0,
        0,
        0
      ],
      "/Users/noahflint/turing/3module/projects/SweaterWeather/app/models/application_record.rb": [
        0,
        0,
        0
      ],
      "/Users/noahflint/turing/3module/projects/SweaterWeather/app/serializers/forecast_serializer.rb": [
        0,
        0,
        0,
        0
      ],
      "/Users/noahflint/turing/3module/projects/SweaterWeather/app/facades/forecast_facade.rb": [
        0,
        0,
        null,
        0,
        0,
        0,
        0,
        null,
        0,
        0,
        0,
        null,
        0,
        0,
        0,
        null,
        0,
        0,
        0,
        null,
        0,
        0,
        0,
        0,
        0,
        null,
        0,
        0,
        0,
        0,
        0,
        null,
        0
      ],
      "/Users/noahflint/turing/3module/projects/SweaterWeather/app/jobs/application_job.rb": [
        0,
        0
      ],
      "/Users/noahflint/turing/3module/projects/SweaterWeather/app/controllers/api/v1/forecast_controller.rb": [
        0,
        0,
        0,
        0,
        0,
        0,
        0
      ],
      "/Users/noahflint/turing/3module/projects/SweaterWeather/app/services/darksky_service.rb": [
        0,
        null,
        0,
        0,
        0,
        0,
        0,
        null,
        0,
        0,
        0,
        null,
        0,
        null,
        0,
        0,
        0,
        0,
        0
      ]
    },
    "timestamp": 1559584655
  }
}
